2025.10.09 22:00:51 INFO  no build target found for /Users/htanguy/LabPolytech/IG5/IWA/WoofWoof/WoofWoof-backend/services/eurekaserver/src/main/java/com/woofwoof/eurekaserver/EurekaserverApplication.java. Using fallback presentation compiler.[0m
2025.10.09 22:00:51 WARN  no build tool detected in workspace '/Users/htanguy/LabPolytech/IG5/IWA/WoofWoof/WoofWoof-backend'. The most common cause for this problem is that the editor was opened in the wrong working directory, for example if you use sbt then the workspace directory should contain build.sbt. [0m
2025.10.09 22:00:51 WARN  Build server is not auto-connectable.[0m
2025.10.09 22:00:51 WARN  no build target for: /Users/htanguy/LabPolytech/IG5/IWA/WoofWoof/WoofWoof-backend/services/eurekaserver/src/main/java/com/woofwoof/eurekaserver/EurekaserverApplication.java[0m
2025.10.09 22:00:51 INFO  no build target found for /Users/htanguy/LabPolytech/IG5/IWA/WoofWoof/WoofWoof-backend/services/eurekaserver/src/main/java/com/woofwoof/eurekaserver/EurekaserverApplication.java. Using fallback presentation compiler.[0m
2025.10.09 22:02:04 INFO  no build target found for /Users/htanguy/LabPolytech/IG5/IWA/WoofWoof/WoofWoof-backend/services/eurekaserver/src/main/java/com/woofwoof/eurekaserver/EurekaserverApplication.java. Using fallback presentation compiler.[0m
2025.10.09 22:02:04 INFO  no build target found for /Users/htanguy/LabPolytech/IG5/IWA/WoofWoof/WoofWoof-backend/services/eurekaserver/src/main/java/com/woofwoof/eurekaserver/EurekaserverApplication.java. Using fallback presentation compiler.[0m
2025.10.09 22:02:28 INFO  no build target found for /Users/htanguy/LabPolytech/IG5/IWA/WoofWoof/WoofWoof-backend/services/eurekaserver/src/main/java/com/woofwoof/eurekaserver/EurekaserverApplication.java. Using fallback presentation compiler.[0m
2025.10.09 22:02:28 INFO  no build target found for /Users/htanguy/LabPolytech/IG5/IWA/WoofWoof/WoofWoof-backend/services/eurekaserver/src/main/java/com/woofwoof/eurekaserver/EurekaserverApplication.java. Using fallback presentation compiler.[0m
2025.10.09 22:02:31 INFO  no build target found for /Users/htanguy/LabPolytech/IG5/IWA/WoofWoof/WoofWoof-backend/services/eurekaserver/src/main/java/com/woofwoof/eurekaserver/EurekaserverApplication.java. Using fallback presentation compiler.[0m
2025.10.09 22:02:31 INFO  no build target found for /Users/htanguy/LabPolytech/IG5/IWA/WoofWoof/WoofWoof-backend/services/eurekaserver/src/main/java/com/woofwoof/eurekaserver/EurekaserverApplication.java. Using fallback presentation compiler.[0m
2025.10.09 22:02:34 INFO  no build target found for /Users/htanguy/LabPolytech/IG5/IWA/WoofWoof/WoofWoof-backend/services/eurekaserver/src/main/java/com/woofwoof/eurekaserver/EurekaserverApplication.java. Using fallback presentation compiler.[0m
2025.10.09 22:02:34 INFO  no build target found for /Users/htanguy/LabPolytech/IG5/IWA/WoofWoof/WoofWoof-backend/services/eurekaserver/src/main/java/com/woofwoof/eurekaserver/EurekaserverApplication.java. Using fallback presentation compiler.[0m
2025.10.09 22:02:36 INFO  no build target found for /Users/htanguy/LabPolytech/IG5/IWA/WoofWoof/WoofWoof-backend/services/eurekaserver/src/main/java/com/woofwoof/eurekaserver/EurekaserverApplication.java. Using fallback presentation compiler.[0m
2025.10.09 22:02:37 INFO  no build target found for /Users/htanguy/LabPolytech/IG5/IWA/WoofWoof/WoofWoof-backend/services/eurekaserver/src/main/java/com/woofwoof/eurekaserver/EurekaserverApplication.java. Using fallback presentation compiler.[0m
2025.10.09 22:02:36 INFO  no build target found for /Users/htanguy/LabPolytech/IG5/IWA/WoofWoof/WoofWoof-backend/services/eurekaserver/src/main/java/com/woofwoof/eurekaserver/EurekaserverApplication.java. Using fallback presentation compiler.[0m
2025.10.09 22:02:36 INFO  no build target found for /Users/htanguy/LabPolytech/IG5/IWA/WoofWoof/WoofWoof-backend/services/eurekaserver/src/main/java/com/woofwoof/eurekaserver/EurekaserverApplication.java. Using fallback presentation compiler.[0m
2025.10.09 22:02:36 INFO  no build target found for /Users/htanguy/LabPolytech/IG5/IWA/WoofWoof/WoofWoof-backend/services/eurekaserver/src/main/java/com/woofwoof/eurekaserver/EurekaserverApplication.java. Using fallback presentation compiler.[0m
2025.10.09 22:02:37 WARN  no build target for: /Users/htanguy/LabPolytech/IG5/IWA/WoofWoof/WoofWoof-backend/services/eurekaserver/src/main/java/com/woofwoof/eurekaserver/EurekaserverApplication.java[0m
2025.10.09 22:02:37 INFO  no build target found for /Users/htanguy/LabPolytech/IG5/IWA/WoofWoof/WoofWoof-backend/services/eurekaserver/src/main/java/com/woofwoof/eurekaserver/EurekaserverApplication.java. Using fallback presentation compiler.[0m
2025.10.09 22:02:36 INFO  no build target found for /Users/htanguy/LabPolytech/IG5/IWA/WoofWoof/WoofWoof-backend/services/eurekaserver/src/main/java/com/woofwoof/eurekaserver/EurekaserverApplication.java. Using fallback presentation compiler.[0m
2025.10.09 22:08:10 WARN  no build target for: /Users/htanguy/LabPolytech/IG5/IWA/WoofWoof/WoofWoof-backend/services/eurekaserver/src/test/java/com/woofwoof/eurekaserver/EurekaserverApplicationTests.java[0m
2025.10.09 22:08:10 INFO  no build target found for /Users/htanguy/LabPolytech/IG5/IWA/WoofWoof/WoofWoof-backend/services/eurekaserver/src/test/java/com/woofwoof/eurekaserver/EurekaserverApplicationTests.java. Using fallback presentation compiler.[0m
2025.10.09 22:08:10 INFO  no build target found for /Users/htanguy/LabPolytech/IG5/IWA/WoofWoof/WoofWoof-backend/services/eurekaserver/src/test/java/com/woofwoof/eurekaserver/EurekaserverApplicationTests.java. Using fallback presentation compiler.[0m
2025.10.09 22:08:10 INFO  no build target found for /Users/htanguy/LabPolytech/IG5/IWA/WoofWoof/WoofWoof-backend/services/eurekaserver/src/test/java/com/woofwoof/eurekaserver/EurekaserverApplicationTests.java. Using fallback presentation compiler.[0m
2025.10.09 22:08:10 INFO  no build target found for /Users/htanguy/LabPolytech/IG5/IWA/WoofWoof/WoofWoof-backend/services/eurekaserver/src/test/java/com/woofwoof/eurekaserver/EurekaserverApplicationTests.java. Using fallback presentation compiler.[0m
2025.10.09 22:08:12 INFO  no build target found for /Users/htanguy/LabPolytech/IG5/IWA/WoofWoof/WoofWoof-backend/services/eurekaserver/src/test/java/com/woofwoof/eurekaserver/EurekaserverApplicationTests.java. Using fallback presentation compiler.[0m
2025.10.09 22:08:12 INFO  no build target found for /Users/htanguy/LabPolytech/IG5/IWA/WoofWoof/WoofWoof-backend/services/eurekaserver/src/test/java/com/woofwoof/eurekaserver/EurekaserverApplicationTests.java. Using fallback presentation compiler.[0m
2025.10.09 22:08:14 INFO  no build target found for /Users/htanguy/LabPolytech/IG5/IWA/WoofWoof/WoofWoof-backend/services/eurekaserver/src/test/java/com/woofwoof/eurekaserver/EurekaserverApplicationTests.java. Using fallback presentation compiler.[0m
2025.10.09 22:08:14 INFO  no build target found for /Users/htanguy/LabPolytech/IG5/IWA/WoofWoof/WoofWoof-backend/services/eurekaserver/src/test/java/com/woofwoof/eurekaserver/EurekaserverApplicationTests.java. Using fallback presentation compiler.[0m
2025.10.09 22:08:14 INFO  no build target found for /Users/htanguy/LabPolytech/IG5/IWA/WoofWoof/WoofWoof-backend/services/eurekaserver/src/test/java/com/woofwoof/eurekaserver/EurekaserverApplicationTests.java. Using fallback presentation compiler.[0m
2025.10.09 22:08:17 INFO  no build target found for /Users/htanguy/LabPolytech/IG5/IWA/WoofWoof/WoofWoof-backend/services/eurekaserver/src/test/java/com/woofwoof/eurekaserver/EurekaserverApplicationTests.java. Using fallback presentation compiler.[0m
2025.10.09 22:08:17 INFO  no build target found for /Users/htanguy/LabPolytech/IG5/IWA/WoofWoof/WoofWoof-backend/services/eurekaserver/src/test/java/com/woofwoof/eurekaserver/EurekaserverApplicationTests.java. Using fallback presentation compiler.[0m
2025.10.09 22:08:17 INFO  no build target found for /Users/htanguy/LabPolytech/IG5/IWA/WoofWoof/WoofWoof-backend/services/eurekaserver/src/test/java/com/woofwoof/eurekaserver/EurekaserverApplicationTests.java. Using fallback presentation compiler.[0m
2025.10.09 22:08:17 INFO  no build target found for /Users/htanguy/LabPolytech/IG5/IWA/WoofWoof/WoofWoof-backend/services/eurekaserver/src/test/java/com/woofwoof/eurekaserver/EurekaserverApplicationTests.java. Using fallback presentation compiler.[0m
2025.10.09 22:08:18 INFO  no build target found for /Users/htanguy/LabPolytech/IG5/IWA/WoofWoof/WoofWoof-backend/services/eurekaserver/src/test/java/com/woofwoof/eurekaserver/EurekaserverApplicationTests.java. Using fallback presentation compiler.[0m
2025.10.09 22:08:18 INFO  no build target found for /Users/htanguy/LabPolytech/IG5/IWA/WoofWoof/WoofWoof-backend/services/eurekaserver/src/test/java/com/woofwoof/eurekaserver/EurekaserverApplicationTests.java. Using fallback presentation compiler.[0m
2025.10.09 22:08:18 INFO  no build target found for /Users/htanguy/LabPolytech/IG5/IWA/WoofWoof/WoofWoof-backend/services/eurekaserver/src/test/java/com/woofwoof/eurekaserver/EurekaserverApplicationTests.java. Using fallback presentation compiler.[0m
2025.10.09 22:08:18 INFO  no build target found for /Users/htanguy/LabPolytech/IG5/IWA/WoofWoof/WoofWoof-backend/services/eurekaserver/src/test/java/com/woofwoof/eurekaserver/EurekaserverApplicationTests.java. Using fallback presentation compiler.[0m
2025.10.09 22:08:18 INFO  no build target found for /Users/htanguy/LabPolytech/IG5/IWA/WoofWoof/WoofWoof-backend/services/eurekaserver/src/test/java/com/woofwoof/eurekaserver/EurekaserverApplicationTests.java. Using fallback presentation compiler.[0m
2025.10.09 22:08:18 INFO  no build target found for /Users/htanguy/LabPolytech/IG5/IWA/WoofWoof/WoofWoof-backend/services/eurekaserver/src/test/java/com/woofwoof/eurekaserver/EurekaserverApplicationTests.java. Using fallback presentation compiler.[0m
2025.10.09 22:08:18 INFO  no build target found for /Users/htanguy/LabPolytech/IG5/IWA/WoofWoof/WoofWoof-backend/services/eurekaserver/src/test/java/com/woofwoof/eurekaserver/EurekaserverApplicationTests.java. Using fallback presentation compiler.[0m
2025.10.09 22:08:18 INFO  no build target found for /Users/htanguy/LabPolytech/IG5/IWA/WoofWoof/WoofWoof-backend/services/eurekaserver/src/test/java/com/woofwoof/eurekaserver/EurekaserverApplicationTests.java. Using fallback presentation compiler.[0m
2025.10.09 22:08:18 INFO  no build target found for /Users/htanguy/LabPolytech/IG5/IWA/WoofWoof/WoofWoof-backend/services/eurekaserver/src/test/java/com/woofwoof/eurekaserver/EurekaserverApplicationTests.java. Using fallback presentation compiler.[0m
2025.10.09 22:08:18 INFO  no build target found for /Users/htanguy/LabPolytech/IG5/IWA/WoofWoof/WoofWoof-backend/services/eurekaserver/src/test/java/com/woofwoof/eurekaserver/EurekaserverApplicationTests.java. Using fallback presentation compiler.[0m
2025.10.09 22:08:18 INFO  no build target found for /Users/htanguy/LabPolytech/IG5/IWA/WoofWoof/WoofWoof-backend/services/eurekaserver/src/test/java/com/woofwoof/eurekaserver/EurekaserverApplicationTests.java. Using fallback presentation compiler.[0m
2025.10.09 22:08:19 INFO  no build target found for /Users/htanguy/LabPolytech/IG5/IWA/WoofWoof/WoofWoof-backend/services/eurekaserver/src/test/java/com/woofwoof/eurekaserver/EurekaserverApplicationTests.java. Using fallback presentation compiler.[0m
2025.10.09 22:08:19 INFO  no build target found for /Users/htanguy/LabPolytech/IG5/IWA/WoofWoof/WoofWoof-backend/services/eurekaserver/src/test/java/com/woofwoof/eurekaserver/EurekaserverApplicationTests.java. Using fallback presentation compiler.[0m
2025.10.09 22:08:19 INFO  no build target found for /Users/htanguy/LabPolytech/IG5/IWA/WoofWoof/WoofWoof-backend/services/eurekaserver/src/test/java/com/woofwoof/eurekaserver/EurekaserverApplicationTests.java. Using fallback presentation compiler.[0m
2025.10.09 22:08:19 WARN  no build target for: /Users/htanguy/LabPolytech/IG5/IWA/WoofWoof/WoofWoof-backend/services/eurekaserver/src/test/java/com/woofwoof/eurekaserver/EurekaserverApplicationTests.java[0m
2025.10.09 22:08:19 INFO  no build target found for /Users/htanguy/LabPolytech/IG5/IWA/WoofWoof/WoofWoof-backend/services/eurekaserver/src/test/java/com/woofwoof/eurekaserver/EurekaserverApplicationTests.java. Using fallback presentation compiler.[0m
2025.10.09 22:08:19 INFO  no build target found for /Users/htanguy/LabPolytech/IG5/IWA/WoofWoof/WoofWoof-backend/services/eurekaserver/src/test/java/com/woofwoof/eurekaserver/EurekaserverApplicationTests.java. Using fallback presentation compiler.[0m
2025.10.09 22:08:21 INFO  no build target found for /Users/htanguy/LabPolytech/IG5/IWA/WoofWoof/WoofWoof-backend/services/eurekaserver/src/main/java/com/woofwoof/eurekaserver/EurekaserverApplication.java. Using fallback presentation compiler.[0m
2025.10.09 22:08:21 WARN  no build target for: /Users/htanguy/LabPolytech/IG5/IWA/WoofWoof/WoofWoof-backend/services/eurekaserver/src/main/java/com/woofwoof/eurekaserver/EurekaserverApplication.java[0m
2025.10.09 22:08:21 INFO  no build target found for /Users/htanguy/LabPolytech/IG5/IWA/WoofWoof/WoofWoof-backend/services/eurekaserver/src/main/java/com/woofwoof/eurekaserver/EurekaserverApplication.java. Using fallback presentation compiler.[0m
2025.10.09 22:08:21 INFO  no build target found for /Users/htanguy/LabPolytech/IG5/IWA/WoofWoof/WoofWoof-backend/services/eurekaserver/src/main/java/com/woofwoof/eurekaserver/EurekaserverApplication.java. Using fallback presentation compiler.[0m
2025.10.09 22:08:21 INFO  no build target found for /Users/htanguy/LabPolytech/IG5/IWA/WoofWoof/WoofWoof-backend/services/eurekaserver/src/main/java/com/woofwoof/eurekaserver/EurekaserverApplication.java. Using fallback presentation compiler.[0m
2025.10.09 22:08:24 INFO  no build target found for /Users/htanguy/LabPolytech/IG5/IWA/WoofWoof/WoofWoof-backend/services/eurekaserver/src/main/java/com/woofwoof/eurekaserver/EurekaserverApplication.java. Using fallback presentation compiler.[0m
2025.10.09 22:08:24 INFO  no build target found for /Users/htanguy/LabPolytech/IG5/IWA/WoofWoof/WoofWoof-backend/services/eurekaserver/src/main/java/com/woofwoof/eurekaserver/EurekaserverApplication.java. Using fallback presentation compiler.[0m
2025.10.09 22:09:56 INFO  no build target found for /Users/htanguy/LabPolytech/IG5/IWA/WoofWoof/WoofWoof-backend/services/eurekaserver/src/main/java/com/woofwoof/eurekaserver/EurekaserverApplication.java. Using fallback presentation compiler.[0m
2025.10.09 22:09:56 WARN  no build target for: /Users/htanguy/LabPolytech/IG5/IWA/WoofWoof/WoofWoof-backend/services/eurekaserver/src/main/java/com/woofwoof/eurekaserver/EurekaserverApplication.java[0m
2025.10.09 22:09:57 INFO  no build target found for /Users/htanguy/LabPolytech/IG5/IWA/WoofWoof/WoofWoof-backend/services/eurekaserver/src/main/java/com/woofwoof/eurekaserver/EurekaserverApplication.java. Using fallback presentation compiler.[0m
2025.10.09 22:10:26 INFO  no build target found for /Users/htanguy/LabPolytech/IG5/IWA/WoofWoof/WoofWoof-backend/services/eurekaserver/src/main/java/com/woofwoof/eurekaserver/EurekaserverApplication.java. Using fallback presentation compiler.[0m
2025.10.09 22:10:26 WARN  no build target for: /Users/htanguy/LabPolytech/IG5/IWA/WoofWoof/WoofWoof-backend/services/eurekaserver/src/main/java/com/woofwoof/eurekaserver/EurekaserverApplication.java[0m
2025.10.09 22:10:26 INFO  no build target found for /Users/htanguy/LabPolytech/IG5/IWA/WoofWoof/WoofWoof-backend/services/eurekaserver/src/main/java/com/woofwoof/eurekaserver/EurekaserverApplication.java. Using fallback presentation compiler.[0m
2025.10.09 22:10:42 INFO  no build target found for /Users/htanguy/LabPolytech/IG5/IWA/WoofWoof/WoofWoof-backend/services/eurekaserver/src/main/java/com/woofwoof/eurekaserver/EurekaserverApplication.java. Using fallback presentation compiler.[0m
2025.10.09 22:10:50 INFO  no build target found for /Users/htanguy/LabPolytech/IG5/IWA/WoofWoof/WoofWoof-backend/services/eurekaserver/src/main/java/com/woofwoof/eurekaserver/EurekaserverApplication.java. Using fallback presentation compiler.[0m
2025.10.09 22:11:10 INFO  Shutting down server[0m
2025.10.09 22:11:10 INFO  shutting down Metals[0m
2025.10.09 22:11:10 INFO  Exiting server[0m
